Performing C SOURCE FILE Test CMAKE_HAVE_LIBC_PTHREAD failed with the following output:
Change Dir: /home/obj/Desktop/napredni C++/parminel-lgoran/build/CMakeFiles/CMakeTmp

Run Build Command(s):/usr/bin/make cmTC_22fd8/fast && /usr/bin/make -f CMakeFiles/cmTC_22fd8.dir/build.make CMakeFiles/cmTC_22fd8.dir/build
make[1]: Entering directory '/home/obj/Desktop/napredni C++/parminel-lgoran/build/CMakeFiles/CMakeTmp'
Building C object CMakeFiles/cmTC_22fd8.dir/src.c.o
/usr/bin/cc   -DCMAKE_HAVE_LIBC_PTHREAD   -o CMakeFiles/cmTC_22fd8.dir/src.c.o   -c "/home/obj/Desktop/napredni C++/parminel-lgoran/build/CMakeFiles/CMakeTmp/src.c"
Linking C executable cmTC_22fd8
/usr/local/bin/cmake -E cmake_link_script CMakeFiles/cmTC_22fd8.dir/link.txt --verbose=1
/usr/bin/cc  -DCMAKE_HAVE_LIBC_PTHREAD    CMakeFiles/cmTC_22fd8.dir/src.c.o  -o cmTC_22fd8 
CMakeFiles/cmTC_22fd8.dir/src.c.o: In function `main':
src.c:(.text+0x3e): undefined reference to `pthread_create'
src.c:(.text+0x4a): undefined reference to `pthread_detach'
src.c:(.text+0x5b): undefined reference to `pthread_join'
src.c:(.text+0x6f): undefined reference to `pthread_atfork'
collect2: error: ld returned 1 exit status
CMakeFiles/cmTC_22fd8.dir/build.make:86: recipe for target 'cmTC_22fd8' failed
make[1]: *** [cmTC_22fd8] Error 1
make[1]: Leaving directory '/home/obj/Desktop/napredni C++/parminel-lgoran/build/CMakeFiles/CMakeTmp'
Makefile:121: recipe for target 'cmTC_22fd8/fast' failed
make: *** [cmTC_22fd8/fast] Error 2


Source file was:
#include <pthread.h>

void* test_func(void* data)
{
  return data;
}

int main(void)
{
  pthread_t thread;
  pthread_create(&thread, NULL, test_func, NULL);
  pthread_detach(thread);
  pthread_join(thread, NULL);
  pthread_atfork(NULL, NULL, NULL);
  pthread_exit(NULL);

  return 0;
}

Determining if the function pthread_create exists in the pthreads failed with the following output:
Change Dir: /home/obj/Desktop/napredni C++/parminel-lgoran/build/CMakeFiles/CMakeTmp

Run Build Command(s):/usr/bin/make cmTC_999fc/fast && /usr/bin/make -f CMakeFiles/cmTC_999fc.dir/build.make CMakeFiles/cmTC_999fc.dir/build
make[1]: Entering directory '/home/obj/Desktop/napredni C++/parminel-lgoran/build/CMakeFiles/CMakeTmp'
Building C object CMakeFiles/cmTC_999fc.dir/CheckFunctionExists.c.o
/usr/bin/cc   -DCHECK_FUNCTION_EXISTS=pthread_create   -o CMakeFiles/cmTC_999fc.dir/CheckFunctionExists.c.o   -c /usr/local/share/cmake-3.16/Modules/CheckFunctionExists.c
Linking C executable cmTC_999fc
/usr/local/bin/cmake -E cmake_link_script CMakeFiles/cmTC_999fc.dir/link.txt --verbose=1
/usr/bin/cc  -DCHECK_FUNCTION_EXISTS=pthread_create    CMakeFiles/cmTC_999fc.dir/CheckFunctionExists.c.o  -o cmTC_999fc  -lpthreads 
/usr/bin/ld: cannot find -lpthreads
collect2: error: ld returned 1 exit status
CMakeFiles/cmTC_999fc.dir/build.make:86: recipe for target 'cmTC_999fc' failed
make[1]: *** [cmTC_999fc] Error 1
make[1]: Leaving directory '/home/obj/Desktop/napredni C++/parminel-lgoran/build/CMakeFiles/CMakeTmp'
Makefile:121: recipe for target 'cmTC_999fc/fast' failed
make: *** [cmTC_999fc/fast] Error 2



